[2021-09-30 14:34:39] [ ERROR] [GlobalExceptionHandler:18] No existe un odontólogo con ese id.
[2021-09-30 14:49:08] [ ERROR] [GlobalExceptionHandler:18] No existe un odontólogo con ese id.
[2021-09-30 15:08:57] [ ERROR] [GlobalExceptionHandler:18] could not execute statement; SQL [n/a]; constraint [FKQTJ6T7MULC2JMFKV92X4CTKWH]; nested exception is org.hibernate.exception.ConstraintViolationException: could not execute statement
[2021-09-30 15:25:36] [ ERROR] [GlobalExceptionHandler:18] Request method 'PUT' not supported
[2021-09-30 16:50:19] [ ERROR] [GlobalExceptionHandler:18] JSON parse error: Cannot deserialize value of type `java.lang.String` from Object value (token `JsonToken.START_OBJECT`); nested exception is com.fasterxml.jackson.databind.exc.MismatchedInputException: Cannot deserialize value of type `java.lang.String` from Object value (token `JsonToken.START_OBJECT`)
 at [Source: (PushbackInputStream); line: 1, column: 94] (through reference chain: com.capone.clinica.model.Paciente["domicilio"])
[2021-09-30 17:55:21] [ ERROR] [GlobalExceptionHandler:18] could not execute statement; SQL [n/a]; constraint ["FKQTJ6T7MULC2JMFKV92X4CTKWH: PUBLIC.TURNOS FOREIGN KEY(ODONTOLOGO_ID) REFERENCES PUBLIC.ODONTOLOGOS(ID) (1)"; SQL statement:
delete from odontologos where id=? [23503-200]]; nested exception is org.hibernate.exception.ConstraintViolationException: could not execute statement
[2021-09-30 17:55:29] [ ERROR] [GlobalExceptionHandler:18] could not execute statement; SQL [n/a]; constraint ["FKQTJ6T7MULC2JMFKV92X4CTKWH: PUBLIC.TURNOS FOREIGN KEY(ODONTOLOGO_ID) REFERENCES PUBLIC.ODONTOLOGOS(ID) (1)"; SQL statement:
delete from odontologos where id=? [23503-200]]; nested exception is org.hibernate.exception.ConstraintViolationException: could not execute statement
[2021-09-30 18:21:30] [ ERROR] [GlobalExceptionHandler:18] could not execute statement; SQL [n/a]; constraint ["FKQTJ6T7MULC2JMFKV92X4CTKWH: PUBLIC.TURNOS FOREIGN KEY(ODONTOLOGO_ID) REFERENCES PUBLIC.ODONTOLOGOS(ID) (1)"; SQL statement:
delete from odontologos where id=? [23503-200]]; nested exception is org.hibernate.exception.ConstraintViolationException: could not execute statement
[2021-09-30 18:21:39] [ ERROR] [GlobalExceptionHandler:18] could not execute statement; SQL [n/a]; constraint ["FKQTJ6T7MULC2JMFKV92X4CTKWH: PUBLIC.TURNOS FOREIGN KEY(ODONTOLOGO_ID) REFERENCES PUBLIC.ODONTOLOGOS(ID) (1)"; SQL statement:
delete from odontologos where id=? [23503-200]]; nested exception is org.hibernate.exception.ConstraintViolationException: could not execute statement
[2021-09-30 18:25:34] [ ERROR] [GlobalExceptionHandler:18] could not execute statement; SQL [n/a]; constraint ["FKQTJ6T7MULC2JMFKV92X4CTKWH: PUBLIC.TURNOS FOREIGN KEY(ODONTOLOGO_ID) REFERENCES PUBLIC.ODONTOLOGOS(ID) (1)"; SQL statement:
delete from odontologos where id=? [23503-200]]; nested exception is org.hibernate.exception.ConstraintViolationException: could not execute statement
[2021-09-30 18:31:29] [ ERROR] [GlobalExceptionHandler:18] could not execute statement; SQL [n/a]; constraint ["FKQTJ6T7MULC2JMFKV92X4CTKWH: PUBLIC.TURNOS FOREIGN KEY(ODONTOLOGO_ID) REFERENCES PUBLIC.ODONTOLOGOS(ID) (1)"; SQL statement:
delete from odontologos where id=? [23503-200]]; nested exception is org.hibernate.exception.ConstraintViolationException: could not execute statement
[2021-09-30 18:31:37] [ ERROR] [GlobalExceptionHandler:18] could not execute statement; SQL [n/a]; constraint ["FKQTJ6T7MULC2JMFKV92X4CTKWH: PUBLIC.TURNOS FOREIGN KEY(ODONTOLOGO_ID) REFERENCES PUBLIC.ODONTOLOGOS(ID) (1)"; SQL statement:
delete from odontologos where id=? [23503-200]]; nested exception is org.hibernate.exception.ConstraintViolationException: could not execute statement
[2021-09-30 18:32:04] [ ERROR] [GlobalExceptionHandler:18] could not execute statement; SQL [n/a]; constraint ["FKQTJ6T7MULC2JMFKV92X4CTKWH: PUBLIC.TURNOS FOREIGN KEY(ODONTOLOGO_ID) REFERENCES PUBLIC.ODONTOLOGOS(ID) (1)"; SQL statement:
delete from odontologos where id=? [23503-200]]; nested exception is org.hibernate.exception.ConstraintViolationException: could not execute statement
[2021-09-30 18:32:23] [ ERROR] [GlobalExceptionHandler:18] could not execute statement; SQL [n/a]; constraint ["FKQTJ6T7MULC2JMFKV92X4CTKWH: PUBLIC.TURNOS FOREIGN KEY(ODONTOLOGO_ID) REFERENCES PUBLIC.ODONTOLOGOS(ID) (1)"; SQL statement:
delete from odontologos where id=? [23503-200]]; nested exception is org.hibernate.exception.ConstraintViolationException: could not execute statement
[2021-09-30 20:09:35] [ ERROR] [GlobalExceptionHandler:18] JSON parse error: Cannot deserialize value of type `java.lang.String` from Object value (token `JsonToken.START_OBJECT`); nested exception is com.fasterxml.jackson.databind.exc.MismatchedInputException: Cannot deserialize value of type `java.lang.String` from Object value (token `JsonToken.START_OBJECT`)
 at [Source: (PushbackInputStream); line: 1, column: 79] (through reference chain: com.capone.clinica.model.Paciente["domicilio"])
[2021-09-30 22:04:08] [ ERROR] [GlobalExceptionHandler:18] JSON parse error: Cannot deserialize value of type `java.lang.String` from Object value (token `JsonToken.START_OBJECT`); nested exception is com.fasterxml.jackson.databind.exc.MismatchedInputException: Cannot deserialize value of type `java.lang.String` from Object value (token `JsonToken.START_OBJECT`)
 at [Source: (PushbackInputStream); line: 1, column: 94] (through reference chain: com.capone.clinica.model.Paciente["domicilio"])
[2021-10-01 00:32:37] [ ERROR] [GlobalExceptionHandler:18] Ambiguous handler methods mapped for '/api/odontologos/Sieiro': {public java.util.Optional com.capone.clinica.controller.OdontologoController.traerOdontologo(java.lang.Long) throws java.lang.Exception, public org.springframework.http.ResponseEntity com.capone.clinica.controller.OdontologoController.traerOdontologoPorApellido(java.lang.String)}
[2021-10-01 00:32:47] [ ERROR] [GlobalExceptionHandler:18] Ambiguous handler methods mapped for '/api/odontologos/sieiro': {public java.util.Optional com.capone.clinica.controller.OdontologoController.traerOdontologo(java.lang.Long) throws java.lang.Exception, public org.springframework.http.ResponseEntity com.capone.clinica.controller.OdontologoController.traerOdontologoPorApellido(java.lang.String)}
[2021-10-01 00:32:48] [ ERROR] [GlobalExceptionHandler:18] Ambiguous handler methods mapped for '/api/odontologos/sieiro': {public java.util.Optional com.capone.clinica.controller.OdontologoController.traerOdontologo(java.lang.Long) throws java.lang.Exception, public org.springframework.http.ResponseEntity com.capone.clinica.controller.OdontologoController.traerOdontologoPorApellido(java.lang.String)}
[2021-10-01 00:33:30] [ ERROR] [GlobalExceptionHandler:18] Ambiguous handler methods mapped for '/api/odontologos/sieiro/': {public java.util.Optional com.capone.clinica.controller.OdontologoController.traerOdontologo(java.lang.Long) throws java.lang.Exception, public org.springframework.http.ResponseEntity com.capone.clinica.controller.OdontologoController.traerOdontologoPorApellido(java.lang.String)}
[2021-10-01 00:33:39] [ ERROR] [GlobalExceptionHandler:18] Ambiguous handler methods mapped for '/api/odontologos/sieirouuuu': {public java.util.Optional com.capone.clinica.controller.OdontologoController.traerOdontologo(java.lang.Long) throws java.lang.Exception, public org.springframework.http.ResponseEntity com.capone.clinica.controller.OdontologoController.traerOdontologoPorApellido(java.lang.String)}
[2021-10-01 00:35:06] [ ERROR] [GlobalExceptionHandler:18] Ambiguous handler methods mapped for '/api/odontologos/sieiro': {public org.springframework.http.ResponseEntity com.capone.clinica.controller.OdontologoController.traerOdontologoPorApellido(java.lang.String), public java.util.Optional com.capone.clinica.controller.OdontologoController.traerOdontologo(java.lang.Long) throws java.lang.Exception}
[2021-10-01 00:35:10] [ ERROR] [GlobalExceptionHandler:18] Ambiguous handler methods mapped for '/api/odontologos/Sieiro': {public org.springframework.http.ResponseEntity com.capone.clinica.controller.OdontologoController.traerOdontologoPorApellido(java.lang.String), public java.util.Optional com.capone.clinica.controller.OdontologoController.traerOdontologo(java.lang.Long) throws java.lang.Exception}
[2021-10-01 00:56:41] [ ERROR] [GlobalExceptionHandler:18] Required request parameter 'apellido' for method parameter type String is not present
[2021-10-01 00:56:47] [ ERROR] [GlobalExceptionHandler:18] Required request parameter 'apellido' for method parameter type String is not present
[2021-10-01 00:56:52] [ ERROR] [GlobalExceptionHandler:18] Failed to convert value of type 'java.lang.String' to required type 'java.lang.Long'; nested exception is java.lang.NumberFormatException: For input string: "sieiro"
[2021-10-01 00:56:58] [ ERROR] [GlobalExceptionHandler:18] Failed to convert value of type 'java.lang.String' to required type 'java.lang.Long'; nested exception is java.lang.NumberFormatException: For input string: "Sieiro"
[2021-10-01 00:57:04] [ ERROR] [GlobalExceptionHandler:18] Failed to convert value of type 'java.lang.String' to required type 'java.lang.Long'; nested exception is java.lang.NumberFormatException: For input string: "Sieiroshsr"
[2021-10-01 01:25:00] [ ERROR] [GlobalExceptionHandler:18] could not prepare statement; SQL [select odontologo0_.id as id1_0_, odontologo0_.apellido as apellido2_0_, odontologo0_.matricula as matricul3_0_, odontologo0_.nombre as nombre4_0_ from odontologos odontologo0_]; nested exception is org.hibernate.exception.SQLGrammarException: could not prepare statement
[2021-10-01 01:25:06] [ ERROR] [GlobalExceptionHandler:18] could not prepare statement; SQL [select odontologo0_.id as id1_0_, odontologo0_.apellido as apellido2_0_, odontologo0_.matricula as matricul3_0_, odontologo0_.nombre as nombre4_0_ from odontologos odontologo0_]; nested exception is org.hibernate.exception.SQLGrammarException: could not prepare statement
[2021-10-01 01:52:26] [ ERROR] [GlobalExceptionHandler:18] could not prepare statement; SQL [call next value for odontologo_sequence]; nested exception is org.hibernate.exception.SQLGrammarException: could not prepare statement
[2021-10-01 01:52:27] [ ERROR] [GlobalExceptionHandler:18] could not prepare statement; SQL [select odontologo0_.id as id1_0_, odontologo0_.apellido as apellido2_0_, odontologo0_.matricula as matricul3_0_, odontologo0_.nombre as nombre4_0_ from odontologos odontologo0_]; nested exception is org.hibernate.exception.SQLGrammarException: could not prepare statement
[2021-10-01 01:52:33] [ ERROR] [GlobalExceptionHandler:18] could not prepare statement; SQL [select odontologo0_.id as id1_0_, odontologo0_.apellido as apellido2_0_, odontologo0_.matricula as matricul3_0_, odontologo0_.nombre as nombre4_0_ from odontologos odontologo0_]; nested exception is org.hibernate.exception.SQLGrammarException: could not prepare statement
[2021-10-01 01:52:40] [ ERROR] [GlobalExceptionHandler:18] could not prepare statement; SQL [call next value for odontologo_sequence]; nested exception is org.hibernate.exception.SQLGrammarException: could not prepare statement
[2021-10-01 01:52:42] [ ERROR] [GlobalExceptionHandler:18] could not prepare statement; SQL [select odontologo0_.id as id1_0_, odontologo0_.apellido as apellido2_0_, odontologo0_.matricula as matricul3_0_, odontologo0_.nombre as nombre4_0_ from odontologos odontologo0_]; nested exception is org.hibernate.exception.SQLGrammarException: could not prepare statement
[2021-10-01 01:52:44] [ ERROR] [GlobalExceptionHandler:18] could not prepare statement; SQL [select odontologo0_.id as id1_0_, odontologo0_.apellido as apellido2_0_, odontologo0_.matricula as matricul3_0_, odontologo0_.nombre as nombre4_0_ from odontologos odontologo0_]; nested exception is org.hibernate.exception.SQLGrammarException: could not prepare statement
[2021-10-01 02:05:15] [ ERROR] [GlobalExceptionHandler:18] Required request parameter 'apellido' for method parameter type String is not present
[2021-10-01 02:05:24] [ ERROR] [GlobalExceptionHandler:18] Failed to convert value of type 'java.lang.String' to required type 'java.lang.Long'; nested exception is java.lang.NumberFormatException: For input string: "porApellidohh"
[2021-10-01 02:06:07] [ ERROR] [GlobalExceptionHandler:18] Required request parameter 'apellido' for method parameter type String is not present
[2021-10-01 02:06:45] [ ERROR] [GlobalExceptionHandler:18] Required request parameter 'apellido' for method parameter type String is not present
[2021-10-01 02:07:50] [ ERROR] [GlobalExceptionHandler:18] Required request parameter 'apellido' for method parameter type String is not present
[2021-10-01 02:08:08] [ ERROR] [GlobalExceptionHandler:18] Failed to convert value of type 'java.lang.String' to required type 'java.lang.Long'; nested exception is java.lang.NumberFormatException: For input string: "sieiro"
[2021-10-01 02:10:02] [ ERROR] [GlobalExceptionHandler:18] Required request parameter 'apellido' for method parameter type String is not present
[2021-10-01 02:10:08] [ ERROR] [GlobalExceptionHandler:18] Required request parameter 'apellido' for method parameter type String is not present
